<?xml version="1.0" encoding="UTF-8"?>
<!-- Generated by org.testng.reporters.JUnitXMLReporter -->
<testsuite ignored="0" hostname="DESKTOP-F3GJ7JN" failures="0" tests="5" name="Test1" time="0.563" errors="0" timestamp="2022-05-06T16:55:45 CDT">
  <testcase classname="groups.TestngGroupsDemo" name="test10" time="0.097"/>
  <testcase classname="groups.TestngGroupsDemo" name="test6" time="0.009"/>
  <testcase classname="groups.TestngGroupsDemo" name="test7" time="0.014"/>
  <testcase classname="groups.TestngGroupsDemo" name="test8" time="0.007"/>
  <testcase classname="groups.TestngGroupsDemo" name="test9" time="0.009"/>
</testsuite> <!-- Test1 -->
